<?xml version="1.0" encoding="UTF-8"?>
<!-- Generated by org.testng.reporters.JUnitReportReporter -->
<testsuite hostname="DESKTOP-JFJOASN" failures="0" tests="1" name="curs20.FindElementsExample" time="0.063" errors="0" timestamp="2024-05-10T17:23:43 EEST" skipped="0">
  <testcase classname="curs20.FindElementsExample" name="testFindElements" time="0.063"/>
  <system-out/>
</testsuite> <!-- curs20.FindElementsExample -->
