<?xml version="1.0" encoding="UTF-8"?>
<!-- Generated by org.testng.reporters.JUnitReportReporter -->
<testsuite hostname="DESKTOP-JFJOASN" failures="0" tests="8" name="curs19.SeleniumLocators" time="5.331" errors="0" timestamp="2024-05-10T16:37:33 EEST" skipped="0">
  <testcase classname="curs19.SeleniumLocators" name="tagNameLocator" time="0.078"/>
  <system-out/>
  <testcase classname="curs19.SeleniumLocators" name="linkTextLocator" time="0.633"/>
  <system-out/>
  <testcase classname="curs19.SeleniumLocators" name="partialLinkTextLocator" time="1.012"/>
  <system-out/>
  <testcase classname="curs19.SeleniumLocators" name="classNameLocator" time="0.047"/>
  <system-out/>
  <testcase classname="curs19.SeleniumLocators" name="idLocator" time="0.132"/>
  <system-out/>
  <testcase classname="curs19.SeleniumLocators" name="nameLocator" time="3.239"/>
  <system-out/>
  <testcase classname="curs19.SeleniumLocators" name="cssSelectorLocator" time="0.083"/>
  <system-out/>
  <testcase classname="curs19.SeleniumLocators" name="xpathLocator" time="0.107"/>
  <system-out/>
</testsuite> <!-- curs19.SeleniumLocators -->
