<?xml version="1.0" encoding="UTF-8"?>
<!-- Generated by org.testng.reporters.JUnitReportReporter -->
<testsuite hostname="DESKTOP-JFJOASN" failures="0" tests="1" name="curs21.IsSelected" time="5.355" errors="0" timestamp="2024-05-14T16:39:09 EEST" skipped="0">
  <testcase classname="curs21.IsSelected" name="isSelectedTest" time="5.355"/>
  <system-out/>
</testsuite> <!-- curs21.IsSelected -->
