<?xml version="1.0" encoding="UTF-8"?>
<!-- Generated by org.testng.reporters.JUnitReportReporter -->
<testsuite hostname="DESKTOP-JFJOASN" failures="0" tests="1" name="curs21.IsEnabledExample" time="0.174" errors="0" timestamp="2024-05-14T17:09:19 EEST" skipped="0">
  <testcase classname="curs21.IsEnabledExample" name="isEnabledTest" time="0.174"/>
  <system-out/>
</testsuite> <!-- curs21.IsEnabledExample -->
