<?xml version="1.0" encoding="UTF-8"?>
<!-- Generated by org.testng.reporters.JUnitReportReporter -->
<testsuite hostname="DESKTOP-JFJOASN" failures="0" tests="4" name="curs19.SeleniumLocators" time="1.753" errors="0" timestamp="2024-05-08T17:57:59 EEST" skipped="0">
  <testcase classname="curs19.SeleniumLocators" name="tagNameLocator" time="0.085"/>
  <system-out/>
  <testcase classname="curs19.SeleniumLocators" name="linkTextLocator" time="0.659"/>
  <system-out/>
  <testcase classname="curs19.SeleniumLocators" name="partialLinkTextLocator" time="0.959"/>
  <system-out/>
  <testcase classname="curs19.SeleniumLocators" name="classNameLocator" time="0.050"/>
  <system-out/>
</testsuite> <!-- curs19.SeleniumLocators -->
