<?xml version="1.0" encoding="UTF-8"?>
<!-- Generated by org.testng.reporters.JUnitReportReporter -->
<testsuite hostname="DESKTOP-JFJOASN" failures="0" tests="2" name="curs18.BeforeAfterAnnotations" time="0.018" errors="0" timestamp="2024-04-30T17:16:54 EEST" skipped="0">
  <testcase classname="curs18.BeforeAfterAnnotations" name="test2" time="0.006"/>
  <system-out/>
  <testcase classname="curs18.BeforeAfterAnnotations" name="test1" time="0.012"/>
  <system-out/>
</testsuite> <!-- curs18.BeforeAfterAnnotations -->
